<?xml version="1.0" encoding="UTF-8"?>
<testsuite xmlns:xsi="http://www.w3.org/2001/XMLSchema-instance" xsi:noNamespaceSchemaLocation="https://maven.apache.org/surefire/maven-surefire-plugin/xsd/surefire-test-report-3.0.xsd" version="3.0" name="com.example.PublicRestServicesTest" time="1.621" tests="4" errors="0" skipped="1" failures="0">
  <properties>
[...]
</properties>
  <testcase name="test1" classname="com.example.PublicRestServicesTest" time="1.045"/>
  <testcase name="test2" classname="com.example.PublicRestServicesTest" time="0.378"/>
  <testcase name="test3" classname="com.example.PublicRestServicesTest" time="0.184"/>
  <testcase name="test4" classname="com.example.PublicRestServicesTest" time="0">
    <skipped message="void com.example.PublicRestServicesTest.test4() is @Disabled"/>
  </testcase>
</testsuite>