<?xml version="1.0" encoding="UTF-8"?>
<testsuite xmlns:xsi="http://www.w3.org/2001/XMLSchema-instance" xsi:noNamespaceSchemaLocation="https://maven.apache.org/surefire/maven-surefire-plugin/xsd/surefire-test-report-3.0.xsd" version="3.0" name="com.lab5.app.CucumberTest" time="0.135" tests="1" errors="0" skipped="0" failures="0">
  <properties>
[...]
</properties>
  <testcase name="Search books by publication year" classname="Book search" time="0.082">
    <system-out><![CDATA[Thu Mar 14 18:49:22 WET 2013
Wed Jul 23 18:49:22 WEST 2014
Sun Jan 01 18:49:22 WET 2012
Tue Jan 01 18:49:22 WET 2013
Thu Jan 01 18:49:22 WET 2015
[com.lab5.app.Book@72ef8d15, com.lab5.app.Book@6aa8e115]
]]></system-out>
  </testcase>
</testsuite>